<?xml version="1.0" encoding="UTF-8"?>
<!-- Generated by org.testng.reporters.JUnitXMLReporter -->
<testsuite hostname="5TS206486983ML.local" ignored="0" name="Test" tests="3" failures="0" timestamp="22 Apr 2018 05:52:13 GMT" time="9.676" errors="0">
  <testcase name="testQuestionOne" time="0.011" classname="test.java.com.varun.tests.QuestionOne"/>
  <testcase name="testPrintSmallestRandomNumber" time="0.005" classname="test.java.com.varun.tests.QuestionThree"/>
  <testcase name="testSecondQuestion" time="4.243" classname="test.java.com.varun.tests.QuestionTwo"/>
</testsuite> <!-- Test -->
